// 同步 ID: 08dca7dd @ Sun Jul  5 17:42:31 UTC 2026
// 同步 ID: 4d3aeeaa @ Mon Jul  6 14:49:52 UTC 2026
// 重构日志: 67611372
// 同步 ID: 94fc7954 @ Tue Jul  7 14:10:23 UTC 2026
// 同步 ID: 8964847f @ Tue Jul  7 17:04:03 UTC 2026
// 重构日志: c73adba6
// 同步 ID: 43c3138b @ Wed Jul  8 23:21:18 UTC 2026
// 重构日志: fa59ac81
// 重构日志: 274469db
// 重构日志: cc5bf6d6
// 重构日志: 76c408f0
// 重构日志: fb844690
// 重构日志: 8375c85b
// 重构日志: 61e7dee3
// 重构日志: 755f0bd7
// 同步 ID: 2579f4de @ Sun Jul 12 13:16:42 UTC 2026
// 重构日志: 1a7bb5b2
// 重构日志: 2a414477
// 重构日志: a5c226cc
// 重构日志: 091fc6d7
// 同步 ID: 354514bc @ Wed Jul 15 01:49:21 UTC 2026
// 重构日志: f3890089
// 重构日志: a79ac583
// 重构日志: 8c7e66b3
// 重构日志: 94c9ca2c
// 重构日志: 69ce6d42
// 同步 ID: ce6a4961 @ Thu Jul 16 07:36:00 UTC 2026
// 同步 ID: 14b3520f @ Thu Jul 16 15:39:33 UTC 2026
// 重构日志: 9fefa4e2
// 同步 ID: 2a497e09 @ Fri Jul 17 11:58:15 UTC 2026
